# JRE version: Java(TM) SE Runtime Environment (8.0_05-b13) (build 1.8.0_05-b13)
# Java VM: Java HotSpot(TM) 64-Bit Server VM (25.5-b02 mixed mode windows-amd64 compressed oops)
Heap:
 def new generation   total 1152K, used 184K [0x00000000a2400000, 0x00000000a2540000, 0x00000000c1800000)
  eden space 1024K,  11% used [0x00000000a2400000, 0x00000000a241e928, 0x00000000a2500000)
  from space 128K,  48% used [0x00000000a2520000, 0x00000000a252f708, 0x00000000a2540000)
  to   space 128K,   0% used [0x00000000a2500000, 0x00000000a2500000, 0x00000000a2520000)
 tenured generation   total 125696K, used 30100K [0x00000000c1800000, 0x00000000c92c0000, 0x0000000100000000)
   the space 125696K,  23% used [0x00000000c1800000, 0x00000000c35653e0, 0x00000000c3565400, 0x00000000c92c0000)
 Metaspace       used 12984K, capacity 13350K, committed 13440K, reserved 1060864K
  class space    used 1489K, capacity 1585K, committed 1664K, reserved 1048576K
GC Heap History (10 events):
Event: 5.319 GC heap before
{Heap before GC invocations=358 (full 0):
 def new generation   total 1152K, used 1107K [0x00000000a2400000, 0x00000000a2540000, 0x00000000c1800000)
  eden space 1024K, 100% used [0x00000000a2400000, 0x00000000a2500000, 0x00000000a2500000)
  from space 128K,  65% used [0x00000000a2500000, 0x00000000a2514fa0, 0x00000000a2520000)
  to   space 128K,   0% used [0x00000000a2520000, 0x00000000a2520000, 0x00000000a2540000)
 tenured generation   total 125696K, used 29603K [0x00000000c1800000, 0x00000000c92c0000, 0x0000000100000000)
   the space 125696K,  23% used [0x00000000c1800000, 0x00000000c34e8cb0, 0x00000000c34e8e00, 0x00000000c92c0000)
 Metaspace       used 12982K, capacity 13286K, committed 13440K, reserved 1060864K
  class space    used 1489K, capacity 1585K, committed 1664K, reserved 1048576K
Event: 5.321 GC heap after
Heap after GC invocations=359 (full 0):
 def new generation   total 1152K, used 128K [0x00000000a2400000, 0x00000000a2540000, 0x00000000c1800000)
  eden space 1024K,   0% used [0x00000000a2400000, 0x00000000a2400000, 0x00000000a2500000)
  from space 128K, 100% used [0x00000000a2520000, 0x00000000a2540000, 0x00000000a2540000)
  to   space 128K,   0% used [0x00000000a2500000, 0x00000000a2500000, 0x00000000a2520000)
 tenured generation   total 125696K, used 29662K [0x00000000c1800000, 0x00000000c92c0000, 0x0000000100000000)
   the space 125696K,  23% used [0x00000000c1800000, 0x00000000c34f78a8, 0x00000000c34f7a00, 0x00000000c92c0000)
 Metaspace       used 12982K, capacity 13286K, committed 13440K, reserved 1060864K
  class space    used 1489K, capacity 1585K, committed 1664K, reserved 1048576K
}
Event: 5.326 GC heap before
{Heap before GC invocations=359 (full 0):
 def new generation   total 1152K, used 1152K [0x00000000a2400000, 0x00000000a2540000, 0x00000000c1800000)
  eden space 1024K, 100% used [0x00000000a2400000, 0x00000000a2500000, 0x00000000a2500000)
  from space 128K, 100% used [0x00000000a2520000, 0x00000000a2540000, 0x00000000a2540000)
  to   space 128K,   0% used [0x00000000a2500000, 0x00000000a2500000, 0x00000000a2520000)
 tenured generation   total 125696K, used 29662K [0x00000000c1800000, 0x00000000c92c0000, 0x0000000100000000)
   the space 125696K,  23% used [0x00000000c1800000, 0x00000000c34f78a8, 0x00000000c34f7a00, 0x00000000c92c0000)
 Metaspace       used 12982K, capacity 13286K, committed 13440K, reserved 1060864K
  class space    used 1489K, capacity 1585K, committed 1664K, reserved 1048576K
Event: 5.328 GC heap after
Heap after GC invocations=360 (full 0):
 def new generation   total 1152K, used 60K [0x00000000a2400000, 0x00000000a2540000, 0x00000000c1800000)
  eden space 1024K,   0% used [0x00000000a2400000, 0x00000000a2400000, 0x00000000a2500000)
  from space 128K,  47% used [0x00000000a2500000, 0x00000000a250f350, 0x00000000a2520000)
  to   space 128K,   0% used [0x00000000a2520000, 0x00000000a2520000, 0x00000000a2540000)
 tenured generation   total 125696K, used 29771K [0x00000000c1800000, 0x00000000c92c0000, 0x0000000100000000)
   the space 125696K,  23% used [0x00000000c1800000, 0x00000000c3512ec0, 0x00000000c3513000, 0x00000000c92c0000)
 Metaspace       used 12982K, capacity 13286K, committed 13440K, reserved 1060864K
  class space    used 1489K, capacity 1585K, committed 1664K, reserved 1048576K
}
Event: 5.335 GC heap before
{Heap before GC invocations=360 (full 0):
 def new generation   total 1152K, used 1084K [0x00000000a2400000, 0x00000000a2540000, 0x00000000c1800000)
  eden space 1024K, 100% used [0x00000000a2400000, 0x00000000a2500000, 0x00000000a2500000)
  from space 128K,  47% used [0x00000000a2500000, 0x00000000a250f350, 0x00000000a2520000)
  to   space 128K,   0% used [0x00000000a2520000, 0x00000000a2520000, 0x00000000a2540000)
 tenured generation   total 125696K, used 29771K [0x00000000c1800000, 0x00000000c92c0000, 0x0000000100000000)
   the space 125696K,  23% used [0x00000000c1800000, 0x00000000c3512ec0, 0x00000000c3513000, 0x00000000c92c0000)
 Metaspace       used 12982K, capacity 13286K, committed 13440K, reserved 1060864K
  class space    used 1489K, capacity 1585K, committed 1664K, reserved 1048576K
Event: 5.337 GC heap after
Heap after GC invocations=361 (full 0):
 def new generation   total 1152K, used 127K [0x00000000a2400000, 0x00000000a2540000, 0x00000000c1800000)
  eden space 1024K,   0% used [0x00000000a2400000, 0x00000000a2400000, 0x00000000a2500000)
  from space 128K,  99% used [0x00000000a2520000, 0x00000000a253fff8, 0x00000000a2540000)
  to   space 128K,   0% used [0x00000000a2500000, 0x00000000a2500000, 0x00000000a2520000)
 tenured generation   total 125696K, used 29796K [0x00000000c1800000, 0x00000000c92c0000, 0x0000000100000000)
   the space 125696K,  23% used [0x00000000c1800000, 0x00000000c35193b8, 0x00000000c3519400, 0x00000000c92c0000)
 Metaspace       used 12982K, capacity 13286K, committed 13440K, reserved 1060864K
  class space    used 1489K, capacity 1585K, committed 1664K, reserved 1048576K
}
Event: 5.342 GC heap before
{Heap before GC invocations=361 (full 0):
 def new generation   total 1152K, used 1151K [0x00000000a2400000, 0x00000000a2540000, 0x00000000c1800000)
  eden space 1024K, 100% used [0x00000000a2400000, 0x00000000a2500000, 0x00000000a2500000)
  from space 128K,  99% used [0x00000000a2520000, 0x00000000a253fff8, 0x00000000a2540000)
  to   space 128K,   0% used [0x00000000a2500000, 0x00000000a2500000, 0x00000000a2520000)
 tenured generation   total 125696K, used 29796K [0x00000000c1800000, 0x00000000c92c0000, 0x0000000100000000)
   the space 125696K,  23% used [0x00000000c1800000, 0x00000000c35193b8, 0x00000000c3519400, 0x00000000c92c0000)
 Metaspace       used 12984K, capacity 13350K, committed 13440K, reserved 1060864K
  class space    used 1489K, capacity 1585K, committed 1664K, reserved 1048576K
Event: 5.344 GC heap after
Heap after GC invocations=362 (full 0):
 def new generation   total 1152K, used 112K [0x00000000a2400000, 0x00000000a2540000, 0x00000000c1800000)
  eden space 1024K,   0% used [0x00000000a2400000, 0x00000000a2400000, 0x00000000a2500000)
  from space 128K,  87% used [0x00000000a2500000, 0x00000000a251c050, 0x00000000a2520000)
  to   space 128K,   0% used [0x00000000a2520000, 0x00000000a2520000, 0x00000000a2540000)
 tenured generation   total 125696K, used 29882K [0x00000000c1800000, 0x00000000c92c0000, 0x0000000100000000)
   the space 125696K,  23% used [0x00000000c1800000, 0x00000000c352e980, 0x00000000c352ea00, 0x00000000c92c0000)
 Metaspace       used 12984K, capacity 13350K, committed 13440K, reserved 1060864K
  class space    used 1489K, capacity 1585K, committed 1664K, reserved 1048576K
}
Event: 5.353 GC heap before
{Heap before GC invocations=362 (full 0):
 def new generation   total 1152K, used 1136K [0x00000000a2400000, 0x00000000a2540000, 0x00000000c1800000)
  eden space 1024K, 100% used [0x00000000a2400000, 0x00000000a2500000, 0x00000000a2500000)
  from space 128K,  87% used [0x00000000a2500000, 0x00000000a251c050, 0x00000000a2520000)
  to   space 128K,   0% used [0x00000000a2520000, 0x00000000a2520000, 0x00000000a2540000)
 tenured generation   total 125696K, used 29882K [0x00000000c1800000, 0x00000000c92c0000, 0x0000000100000000)
   the space 125696K,  23% used [0x00000000c1800000, 0x00000000c352e980, 0x00000000c352ea00, 0x00000000c92c0000)
 Metaspace       used 12984K, capacity 13350K, committed 13440K, reserved 1060864K
  class space    used 1489K, capacity 1585K, committed 1664K, reserved 1048576K
Event: 5.354 GC heap after
Heap after GC invocations=363 (full 0):
 def new generation   total 1152K, used 76K [0x00000000a2400000, 0x00000000a2540000, 0x00000000c1800000)
  eden space 1024K,   0% used [0x00000000a2400000, 0x00000000a2400000, 0x00000000a2500000)
  from space 128K,  59% used [0x00000000a2520000, 0x00000000a25332f8, 0x00000000a2540000)
  to   space 128K,   0% used [0x00000000a2500000, 0x00000000a2500000, 0x00000000a2520000)
 tenured generation   total 125696K, used 29939K [0x00000000c1800000, 0x00000000c92c0000, 0x0000000100000000)
   the space 125696K,  23% used [0x00000000c1800000, 0x00000000c353cef8, 0x00000000c353d000, 0x00000000c92c0000)
 Metaspace       used 12984K, capacity 13350K, committed 13440K, reserved 1060864K
  class space    used 1489K, capacity 1585K, committed 1664K, reserved 1048576K
}

